0 info it worked if it ends with ok
1 verbose cli [ '/usr/bin/nodejs', '/usr/bin/npm', 'publish' ]
2 info using npm@3.10.5
3 info using node@v6.3.1
4 verbose publish [ '.' ]
5 silly cache add args [ '.', null ]
6 verbose cache add spec .
7 silly cache add parsed spec Result {
7 silly cache add   raw: '.',
7 silly cache add   scope: null,
7 silly cache add   escapedName: null,
7 silly cache add   name: null,
7 silly cache add   rawSpec: '.',
7 silly cache add   spec: '/var/www/html/myprojects/chartist-polyfill',
7 silly cache add   type: 'directory' }
8 verbose addLocalDirectory /home/knolly/.npm/react-chartist-axis-titles-polyfill/1.0.0/package.tgz not in flight; packing
9 verbose correctMkdir /home/knolly/.npm correctMkdir not in flight; initializing
10 info lifecycle react-chartist-axis-titles-polyfill@1.0.0~prepublish: react-chartist-axis-titles-polyfill@1.0.0
11 silly lifecycle react-chartist-axis-titles-polyfill@1.0.0~prepublish: no script for prepublish, continuing
12 verbose tar pack [ '/home/knolly/.npm/react-chartist-axis-titles-polyfill/1.0.0/package.tgz',
12 verbose tar pack   '/var/www/html/myprojects/chartist-polyfill' ]
13 verbose tarball /home/knolly/.npm/react-chartist-axis-titles-polyfill/1.0.0/package.tgz
14 verbose folder /var/www/html/myprojects/chartist-polyfill
15 verbose addLocalTarball adding from inside cache /home/knolly/.npm/react-chartist-axis-titles-polyfill/1.0.0/package.tgz
16 verbose correctMkdir /home/knolly/.npm correctMkdir not in flight; initializing
17 silly cache afterAdd react-chartist-axis-titles-polyfill@1.0.0
18 verbose afterAdd /home/knolly/.npm/react-chartist-axis-titles-polyfill/1.0.0/package/package.json not in flight; writing
19 verbose correctMkdir /home/knolly/.npm correctMkdir not in flight; initializing
20 verbose afterAdd /home/knolly/.npm/react-chartist-axis-titles-polyfill/1.0.0/package/package.json written
21 silly publish { name: 'react-chartist-axis-titles-polyfill',
21 silly publish   version: '1.0.0',
21 silly publish   description: 'A polyfill to display axis titles in react-chartist.',
21 silly publish   main: 'index.js',
21 silly publish   repository:
21 silly publish    { type: 'git',
21 silly publish      url: 'git+https://github.com/Girish-K/react-chartist-axis-titles-polyfill.git' },
21 silly publish   author: { name: 'Girish Kumar' },
21 silly publish   license: 'UNLICENSED',
21 silly publish   bugs: { url: 'https://github.com/Girish-K/react-chartist-axis-titles-polyfill/issues' },
21 silly publish   homepage: 'https://github.com/Girish-K/react-chartist-axis-titles-polyfill',
21 silly publish   directories: { test: 'test' },
21 silly publish   scripts: { test: 'echo "Error: no test specified" && exit 1' },
21 silly publish   readme: '# react-chartist-axis-titles-polyfill\n\n===========================================\nPublished on NPM at react-chartist-axis-titles-polyfill.\n\nA polyfill to display axis titles in react-chartist.\n',
21 silly publish   readmeFilename: 'README.md',
21 silly publish   gitHead: '9b92a65326807db881cb7b94ee69c12ff849468e',
21 silly publish   _id: 'react-chartist-axis-titles-polyfill@1.0.0',
21 silly publish   _shasum: '08b8ef78b32830e372b976620cafabd7caf16707',
21 silly publish   _from: '.' }
22 verbose getPublishConfig undefined
23 silly mapToRegistry name react-chartist-axis-titles-polyfill
24 silly mapToRegistry using default registry
25 silly mapToRegistry registry https://registry.npmjs.org/
26 silly mapToRegistry data Result {
26 silly mapToRegistry   raw: 'react-chartist-axis-titles-polyfill',
26 silly mapToRegistry   scope: null,
26 silly mapToRegistry   escapedName: 'react-chartist-axis-titles-polyfill',
26 silly mapToRegistry   name: 'react-chartist-axis-titles-polyfill',
26 silly mapToRegistry   rawSpec: '',
26 silly mapToRegistry   spec: 'latest',
26 silly mapToRegistry   type: 'tag' }
27 silly mapToRegistry uri https://registry.npmjs.org/react-chartist-axis-titles-polyfill
28 verbose publish registryBase https://registry.npmjs.org/
29 silly publish uploading /home/knolly/.npm/react-chartist-axis-titles-polyfill/1.0.0/package.tgz
30 verbose request uri https://registry.npmjs.org/react-chartist-axis-titles-polyfill
31 verbose request sending authorization for write operation
32 info attempt registry request try #1 at 12:58:33 PM
33 verbose request using bearer token for auth
34 verbose request id 4a66932542631164
35 http request PUT https://registry.npmjs.org/react-chartist-axis-titles-polyfill
36 http 403 https://registry.npmjs.org/react-chartist-axis-titles-polyfill
37 verbose headers { 'content-type': 'application/json',
37 verbose headers   'cache-control': 'max-age=300',
37 verbose headers   'content-length': '95',
37 verbose headers   'accept-ranges': 'bytes',
37 verbose headers   date: 'Wed, 24 Aug 2016 07:28:34 GMT',
37 verbose headers   via: '1.1 varnish',
37 verbose headers   connection: 'keep-alive',
37 verbose headers   'x-served-by': 'cache-sin6921-SIN',
37 verbose headers   'x-cache': 'MISS',
37 verbose headers   'x-cache-hits': '0',
37 verbose headers   'x-timer': 'S1472023713.765287,VS0,VE278',
37 verbose headers   vary: 'Accept-Encoding' }
38 verbose request invalidating /home/knolly/.npm/registry.npmjs.org/react-chartist-axis-titles-polyfill on PUT
39 error publish Failed PUT 403
40 verbose stack Error: "You cannot publish over the previously published version 1.0.0." : react-chartist-axis-titles-polyfill
40 verbose stack     at makeError (/usr/lib/node_modules/npm/node_modules/npm-registry-client/lib/request.js:264:12)
40 verbose stack     at CachingRegistryClient.<anonymous> (/usr/lib/node_modules/npm/node_modules/npm-registry-client/lib/request.js:252:14)
40 verbose stack     at Request._callback (/usr/lib/node_modules/npm/node_modules/npm-registry-client/lib/request.js:172:14)
40 verbose stack     at Request.self.callback (/usr/lib/node_modules/npm/node_modules/request/request.js:200:22)
40 verbose stack     at emitTwo (events.js:106:13)
40 verbose stack     at Request.emit (events.js:191:7)
40 verbose stack     at Request.<anonymous> (/usr/lib/node_modules/npm/node_modules/request/request.js:1067:10)
40 verbose stack     at emitOne (events.js:101:20)
40 verbose stack     at Request.emit (events.js:188:7)
40 verbose stack     at IncomingMessage.<anonymous> (/usr/lib/node_modules/npm/node_modules/request/request.js:988:12)
41 verbose statusCode 403
42 verbose pkgid react-chartist-axis-titles-polyfill
43 verbose cwd /var/www/html/myprojects/chartist-polyfill
44 error Linux 4.4.0-34-generic
45 error argv "/usr/bin/nodejs" "/usr/bin/npm" "publish"
46 error node v6.3.1
47 error npm  v3.10.5
48 error code E403
49 error "You cannot publish over the previously published version 1.0.0." : react-chartist-axis-titles-polyfill
50 error If you need help, you may report this error at:
50 error     <https://github.com/npm/npm/issues>
51 verbose exit [ 1, true ]
